# JRE version: OpenJDK Runtime Environment Microsoft-10376486 (17.0.13+11) (build 17.0.13+11-LTS)
# Java VM: OpenJDK 64-Bit Server VM Microsoft-10376486 (17.0.13+11-LTS, mixed mode, sharing, tiered, compressed oops, compressed class ptrs, g1 gc, windows-amd64)
GC Precious Log:
 CPUs: 12 total, 12 available
 Memory: 5989M
 Large Page Support: Disabled
 NUMA Support: Disabled
 Compressed Oops: Enabled (32-bit)
 Heap Region Size: 1M
 Heap Min Capacity: 8M
 Heap Initial Capacity: 94M
 Heap Max Capacity: 2G
 Pre-touch: Disabled
 Parallel Workers: 10
 Concurrent Workers: 3
 Concurrent Refinement Workers: 10
 Periodic GC: Disabled
Heap:
 garbage-first heap   total 347136K, used 173020K [0x0000000080000000, 0x0000000100000000)
  region size 1024K, 14 young (14336K), 14 survivors (14336K)
 Metaspace       used 117743K, committed 118784K, reserved 557056K
  class space    used 16214K, committed 16704K, reserved 425984K
GC Heap History (20 events):
Event: 39.826 GC heap after
{Heap after GC invocations=46 (full 0):
 garbage-first heap   total 331776K, used 105790K [0x0000000080000000, 0x0000000100000000)
  region size 1024K, 2 young (2048K), 2 survivors (2048K)
 Metaspace       used 83610K, committed 84480K, reserved 557056K
  class space    used 11544K, committed 11968K, reserved 425984K
}
Event: 40.429 GC heap before
{Heap before GC invocations=46 (full 0):
 garbage-first heap   total 331776K, used 140606K [0x0000000080000000, 0x0000000100000000)
  region size 1024K, 37 young (37888K), 2 survivors (2048K)
 Metaspace       used 86428K, committed 87296K, reserved 557056K
  class space    used 11877K, committed 12288K, reserved 425984K
}
Event: 40.431 GC heap after
{Heap after GC invocations=47 (full 0):
 garbage-first heap   total 331776K, used 106085K [0x0000000080000000, 0x0000000100000000)
  region size 1024K, 2 young (2048K), 2 survivors (2048K)
 Metaspace       used 86428K, committed 87296K, reserved 557056K
  class space    used 11877K, committed 12288K, reserved 425984K
}
Event: 42.319 GC heap before
{Heap before GC invocations=48 (full 0):
 garbage-first heap   total 331776K, used 257637K [0x0000000080000000, 0x0000000100000000)
  region size 1024K, 148 young (151552K), 2 survivors (2048K)
 Metaspace       used 93099K, committed 93952K, reserved 557056K
  class space    used 12828K, committed 13248K, reserved 425984K
}
Event: 42.325 GC heap after
{Heap after GC invocations=49 (full 0):
 garbage-first heap   total 331776K, used 115272K [0x0000000080000000, 0x0000000100000000)
  region size 1024K, 9 young (9216K), 9 survivors (9216K)
 Metaspace       used 93099K, committed 93952K, reserved 557056K
  class space    used 12828K, committed 13248K, reserved 425984K
}
Event: 42.409 GC heap before
{Heap before GC invocations=49 (full 0):
 garbage-first heap   total 331776K, used 122440K [0x0000000080000000, 0x0000000100000000)
  region size 1024K, 16 young (16384K), 9 survivors (9216K)
 Metaspace       used 93536K, committed 94400K, reserved 557056K
  class space    used 12895K, committed 13312K, reserved 425984K
}
Event: 42.415 GC heap after
{Heap after GC invocations=50 (full 0):
 garbage-first heap   total 331776K, used 114894K [0x0000000080000000, 0x0000000100000000)
  region size 1024K, 2 young (2048K), 2 survivors (2048K)
 Metaspace       used 93536K, committed 94400K, reserved 557056K
  class space    used 12895K, committed 13312K, reserved 425984K
}
Event: 42.595 GC heap before
{Heap before GC invocations=50 (full 0):
 garbage-first heap   total 331776K, used 128206K [0x0000000080000000, 0x0000000100000000)
  region size 1024K, 16 young (16384K), 2 survivors (2048K)
 Metaspace       used 94440K, committed 95360K, reserved 557056K
  class space    used 13017K, committed 13440K, reserved 425984K
}
Event: 42.597 GC heap after
{Heap after GC invocations=51 (full 0):
 garbage-first heap   total 331776K, used 114775K [0x0000000080000000, 0x0000000100000000)
  region size 1024K, 2 young (2048K), 2 survivors (2048K)
 Metaspace       used 94440K, committed 95360K, reserved 557056K
  class space    used 13017K, committed 13440K, reserved 425984K
}
Event: 45.119 GC heap before
{Heap before GC invocations=52 (full 0):
 garbage-first heap   total 331776K, used 268375K [0x0000000080000000, 0x0000000100000000)
  region size 1024K, 151 young (154624K), 2 survivors (2048K)
 Metaspace       used 102848K, committed 103872K, reserved 557056K
  class space    used 14281K, committed 14784K, reserved 425984K
}
Event: 45.133 GC heap after
{Heap after GC invocations=53 (full 0):
 garbage-first heap   total 331776K, used 121299K [0x0000000080000000, 0x0000000100000000)
  region size 1024K, 8 young (8192K), 8 survivors (8192K)
 Metaspace       used 102848K, committed 103872K, reserved 557056K
  class space    used 14281K, committed 14784K, reserved 425984K
}
Event: 45.277 GC heap before
{Heap before GC invocations=53 (full 0):
 garbage-first heap   total 331776K, used 129491K [0x0000000080000000, 0x0000000100000000)
  region size 1024K, 16 young (16384K), 8 survivors (8192K)
 Metaspace       used 103170K, committed 104256K, reserved 557056K
  class space    used 14325K, committed 14848K, reserved 425984K
}
Event: 45.284 GC heap after
{Heap after GC invocations=54 (full 0):
 garbage-first heap   total 331776K, used 121214K [0x0000000080000000, 0x0000000100000000)
  region size 1024K, 2 young (2048K), 2 survivors (2048K)
 Metaspace       used 103170K, committed 104256K, reserved 557056K
  class space    used 14325K, committed 14848K, reserved 425984K
}
Event: 46.644 GC heap before
{Heap before GC invocations=54 (full 0):
 garbage-first heap   total 331776K, used 270718K [0x0000000080000000, 0x0000000100000000)
  region size 1024K, 148 young (151552K), 2 survivors (2048K)
 Metaspace       used 108116K, committed 109184K, reserved 557056K
  class space    used 15023K, committed 15552K, reserved 425984K
}
Event: 46.650 GC heap after
{Heap after GC invocations=55 (full 0):
 garbage-first heap   total 331776K, used 125225K [0x0000000080000000, 0x0000000100000000)
  region size 1024K, 6 young (6144K), 6 survivors (6144K)
 Metaspace       used 108116K, committed 109184K, reserved 557056K
  class space    used 15023K, committed 15552K, reserved 425984K
}
Event: 49.032 GC heap before
{Heap before GC invocations=56 (full 0):
 garbage-first heap   total 331776K, used 272681K [0x0000000080000000, 0x0000000100000000)
  region size 1024K, 150 young (153600K), 6 survivors (6144K)
 Metaspace       used 117158K, committed 118208K, reserved 557056K
  class space    used 16144K, committed 16640K, reserved 425984K
}
Event: 49.051 GC heap after
{Heap after GC invocations=57 (full 0):
 garbage-first heap   total 331776K, used 149462K [0x0000000080000000, 0x0000000100000000)
  region size 1024K, 19 young (19456K), 19 survivors (19456K)
 Metaspace       used 117158K, committed 118208K, reserved 557056K
  class space    used 16144K, committed 16640K, reserved 425984K
}
Event: 49.055 GC heap before
{Heap before GC invocations=57 (full 0):
 garbage-first heap   total 331776K, used 150486K [0x0000000080000000, 0x0000000100000000)
  region size 1024K, 20 young (20480K), 19 survivors (19456K)
 Metaspace       used 117159K, committed 118208K, reserved 557056K
  class space    used 16144K, committed 16640K, reserved 425984K
}
Event: 49.067 GC heap after
{Heap after GC invocations=58 (full 0):
 garbage-first heap   total 331776K, used 151728K [0x0000000080000000, 0x0000000100000000)
  region size 1024K, 3 young (3072K), 3 survivors (3072K)
 Metaspace       used 117159K, committed 118208K, reserved 557056K
  class space    used 16144K, committed 16640K, reserved 425984K
}
Event: 49.373 GC heap before
{Heap before GC invocations=58 (full 0):
 garbage-first heap   total 331776K, used 242864K [0x0000000080000000, 0x0000000100000000)
  region size 1024K, 94 young (96256K), 3 survivors (3072K)
 Metaspace       used 117743K, committed 118784K, reserved 557056K
  class space    used 16214K, committed 16704K, reserved 425984K
}

